<?xml version="1.0" encoding="UTF-8"?>
<!-- Generated by org.testng.reporters.JUnitXMLReporter -->
<testsuite ignored="0" hostname="Chakrapani-Chandana" failures="0" tests="3" name="Submit Order Test" time="20.965" errors="0" timestamp="2024-08-19T14:58:49 IST">
  <testcase classname="BharatPractice.Tests.SubmitOrderTest" name="submitOrder" time="3.798"/>
  <testcase classname="BharatPractice.Tests.SubmitOrderTest" name="submitOrder" time="4.35"/>
  <testcase classname="BharatPractice.Tests.SubmitOrderTest" name="OrderHistoryTest" time="1.434"/>
</testsuite> <!-- Submit Order Test -->
